info: Server started at http://localhost:3000/api/v1/ {"timestamp":"2023-02-02T04:12:10.721Z"}
info: Connected to the database. {"timestamp":"2023-02-02T04:12:15.758Z"}
error: 
      status - 13297
      message - db already exists with different case already have: [sample] trying to create [Sample] 
      url - /api/v1/users/registration 
      method - POST 
      IP - ::1
     {"timestamp":"2023-02-02T04:13:01.531Z"}
error: 
    status - 500 
    message - RangeError: Invalid status code: 13297
    at new NodeError (node:internal/errors:393:5)
    at ServerResponse.writeHead (node:_http_server:343:11)
    at ServerResponse.writeHead (G:\fun\fundoNotes\node_modules\on-headers\index.js:44:26)
    at ServerResponse._implicitHeader (node:_http_server:334:8)
    at write_ (node:_http_outgoing:867:9)
    at ServerResponse.end (node:_http_outgoing:977:5)
    at ServerResponse.send (G:\fun\fundoNotes\node_modules\express\lib\response.js:232:10)
    at ServerResponse.json (G:\fun\fundoNotes\node_modules\express\lib\response.js:278:15)
    at appErrorHandler (G:\fun\fundoNotes\src\middlewares\/error.middleware.js:36:26)
    at Layer.handle_error (G:\fun\fundoNotes\node_modules\express\lib\router\layer.js:71:5)
    at trim_prefix (G:\fun\fundoNotes\node_modules\express\lib\router\index.js:326:13)
    at G:\fun\fundoNotes\node_modules\express\lib\router\index.js:286:9
    at Function.process_params (G:\fun\fundoNotes\node_modules\express\lib\router\index.js:346:12)
    at Immediate.next (G:\fun\fundoNotes\node_modules\express\lib\router\index.js:280:10)
    at Immediate._onImmediate (G:\fun\fundoNotes\node_modules\express\lib\router\index.js:646:15)
    at processImmediate (node:internal/timers:473:21) 
    url - /api/v1/users/registration 
    method - POST 
    IP - ::1
   {"timestamp":"2023-02-02T04:13:01.561Z"}
info: Server started at http://localhost:3000/api/v1/ {"timestamp":"2023-02-02T04:24:13.653Z"}
info: Connected to the database. {"timestamp":"2023-02-02T04:24:17.373Z"}
error: uncaughtException: noteRoute is not defined
ReferenceError: noteRoute is not defined
    at routes (G:\fun\fundoNotes\src\routes\/index.js:16:24)
    at Object.<anonymous> (G:\fun\fundoNotes\src\/index.js:32:38)
    at Module._compile (node:internal/modules/cjs/loader:1159:14)
    at Module._compile (G:\fun\fundoNotes\node_modules\pirates\lib\index.js:136:24)
    at Module._extensions..js (node:internal/modules/cjs/loader:1213:10)
    at Object.newLoader [as .js] (G:\fun\fundoNotes\node_modules\pirates\lib\index.js:141:7)
    at Module.load (node:internal/modules/cjs/loader:1037:32)
    at Function.Module._load (node:internal/modules/cjs/loader:878:12)
    at Function.runMain (node:internal/modules/run_main:81:12)
    at Object.<anonymous> (G:\fun\fundoNotes\node_modules\@babel\node\src\_babel-node.ts:223:12)
    at Module._compile (node:internal/modules/cjs/loader:1159:14)
    at Object.Module._extensions..js (node:internal/modules/cjs/loader:1213:10)
    at Module.load (node:internal/modules/cjs/loader:1037:32)
    at Function.Module._load (node:internal/modules/cjs/loader:878:12)
    at Function.executeUserEntryPoint [as runMain] (node:internal/modules/run_main:81:12)
    at node:internal/main/run_main_module:23:47 {"date":"Thu Feb 02 2023 10:04:08 GMT+0530 (India Standard Time)","error":{},"exception":true,"os":{"loadavg":[0,0,0],"uptime":839521},"process":{"argv":["node","G:\\fun\\fundoNotes\\src\\index.js"],"cwd":"G:\\fun\\fundoNotes","execPath":"C:\\Program Files\\nodejs\\node.exe","gid":null,"memoryUsage":{"arrayBuffers":18754043,"external":20254585,"heapTotal":91910144,"heapUsed":52717104,"rss":127365120},"pid":22084,"uid":null,"version":"v18.12.1"},"stack":"ReferenceError: noteRoute is not defined\n    at routes (G:\\fun\\fundoNotes\\src\\routes\\/index.js:16:24)\n    at Object.<anonymous> (G:\\fun\\fundoNotes\\src\\/index.js:32:38)\n    at Module._compile (node:internal/modules/cjs/loader:1159:14)\n    at Module._compile (G:\\fun\\fundoNotes\\node_modules\\pirates\\lib\\index.js:136:24)\n    at Module._extensions..js (node:internal/modules/cjs/loader:1213:10)\n    at Object.newLoader [as .js] (G:\\fun\\fundoNotes\\node_modules\\pirates\\lib\\index.js:141:7)\n    at Module.load (node:internal/modules/cjs/loader:1037:32)\n    at Function.Module._load (node:internal/modules/cjs/loader:878:12)\n    at Function.runMain (node:internal/modules/run_main:81:12)\n    at Object.<anonymous> (G:\\fun\\fundoNotes\\node_modules\\@babel\\node\\src\\_babel-node.ts:223:12)\n    at Module._compile (node:internal/modules/cjs/loader:1159:14)\n    at Object.Module._extensions..js (node:internal/modules/cjs/loader:1213:10)\n    at Module.load (node:internal/modules/cjs/loader:1037:32)\n    at Function.Module._load (node:internal/modules/cjs/loader:878:12)\n    at Function.executeUserEntryPoint [as runMain] (node:internal/modules/run_main:81:12)\n    at node:internal/main/run_main_module:23:47","timestamp":"2023-02-02T04:34:08.994Z","trace":[{"column":24,"file":"G:\\fun\\fundoNotes\\src\\routes\\/index.js","function":"routes","line":16,"method":null,"native":false},{"column":38,"file":"G:\\fun\\fundoNotes\\src\\/index.js","function":null,"line":32,"method":null,"native":false},{"column":14,"file":"node:internal/modules/cjs/loader","function":"Module._compile","line":1159,"method":"_compile","native":false},{"column":24,"file":"G:\\fun\\fundoNotes\\node_modules\\pirates\\lib\\index.js","function":"Module._compile","line":136,"method":"_compile","native":false},{"column":10,"file":"node:internal/modules/cjs/loader","function":"Module._extensions..js","line":1213,"method":".js","native":false},{"column":7,"file":"G:\\fun\\fundoNotes\\node_modules\\pirates\\lib\\index.js","function":"Object.newLoader [as .js]","line":141,"method":"js]","native":false},{"column":32,"file":"node:internal/modules/cjs/loader","function":"Module.load","line":1037,"method":"load","native":false},{"column":12,"file":"node:internal/modules/cjs/loader","function":"Module._load","line":878,"method":"_load","native":false},{"column":12,"file":"node:internal/modules/run_main","function":"Function.runMain","line":81,"method":"runMain","native":false},{"column":12,"file":"G:\\fun\\fundoNotes\\node_modules\\@babel\\node\\src\\_babel-node.ts","function":null,"line":223,"method":null,"native":false},{"column":14,"file":"node:internal/modules/cjs/loader","function":"Module._compile","line":1159,"method":"_compile","native":false},{"column":10,"file":"node:internal/modules/cjs/loader","function":"Module._extensions..js","line":1213,"method":".js","native":false},{"column":32,"file":"node:internal/modules/cjs/loader","function":"Module.load","line":1037,"method":"load","native":false},{"column":12,"file":"node:internal/modules/cjs/loader","function":"Module._load","line":878,"method":"_load","native":false},{"column":12,"file":"node:internal/modules/run_main","function":"Function.executeUserEntryPoint [as runMain]","line":81,"method":"executeUserEntryPoint [as runMain]","native":false},{"column":47,"file":"node:internal/main/run_main_module","function":null,"line":23,"method":null,"native":false}]}
info: Server started at http://localhost:3000/api/v1/ {"timestamp":"2023-02-02T04:35:52.840Z"}
info: Connected to the database. {"timestamp":"2023-02-02T04:35:55.880Z"}
